TN:
SF:src/swisseph.js
FN:282,(anonymous_0)
FN:287,(anonymous_1)
FN:291,(anonymous_2)
FN:295,(anonymous_3)
FN:299,(anonymous_4)
FN:307,(anonymous_5)
FN:311,(anonymous_6)
FN:315,(anonymous_7)
FN:319,(anonymous_8)
FN:323,(anonymous_9)
FN:327,(anonymous_10)
FN:331,(anonymous_11)
FN:335,(anonymous_12)
FN:339,(anonymous_13)
FN:343,(anonymous_14)
FN:347,(anonymous_15)
FN:351,(anonymous_16)
FN:355,(anonymous_17)
FN:369,(anonymous_18)
FN:373,(anonymous_19)
FN:377,(anonymous_20)
FN:381,(anonymous_21)
FN:385,(anonymous_22)
FN:389,(anonymous_23)
FN:393,(anonymous_24)
FN:397,(anonymous_25)
FN:401,(anonymous_26)
FN:405,(anonymous_27)
FN:409,(anonymous_28)
FN:413,(anonymous_29)
FN:417,(anonymous_30)
FN:427,(anonymous_31)
FN:445,(anonymous_32)
FN:461,(anonymous_33)
FN:481,(anonymous_34)
FN:501,(anonymous_35)
FN:521,(anonymous_36)
FN:525,(anonymous_37)
FN:553,(anonymous_38)
FN:569,(anonymous_39)
FN:585,(anonymous_40)
FN:601,(anonymous_41)
FN:617,(anonymous_42)
FN:633,(anonymous_43)
FN:637,(anonymous_44)
FN:650,(anonymous_45)
FN:659,(anonymous_46)
FN:668,(anonymous_47)
FN:677,(anonymous_48)
FN:686,(anonymous_49)
FN:695,(anonymous_50)
FN:708,(anonymous_51)
FN:721,(anonymous_52)
FN:730,(anonymous_53)
FN:739,(anonymous_54)
FN:748,(anonymous_55)
FN:757,(anonymous_56)
FN:766,(anonymous_57)
FN:775,(anonymous_58)
FN:784,(anonymous_59)
FN:793,(anonymous_60)
FN:802,(anonymous_61)
FN:811,(anonymous_62)
FN:820,(anonymous_63)
FN:829,(anonymous_64)
FN:838,(anonymous_65)
FN:851,(anonymous_66)
FN:867,(anonymous_67)
FN:880,(anonymous_68)
FN:893,(anonymous_69)
FN:909,(anonymous_70)
FN:922,(anonymous_71)
FN:938,(anonymous_72)
FN:951,(anonymous_73)
FN:964,(anonymous_74)
FN:977,(anonymous_75)
FN:990,(anonymous_76)
FN:1003,(anonymous_77)
FN:1016,(anonymous_78)
FN:1029,(anonymous_79)
FN:1038,(anonymous_80)
FN:1051,(anonymous_81)
FN:1064,(anonymous_82)
FN:1077,(anonymous_83)
FNF:84
FNH:56
FNDA:108,(anonymous_0)
FNDA:109,(anonymous_1)
FNDA:1,(anonymous_2)
FNDA:48,(anonymous_3)
FNDA:140,(anonymous_4)
FNDA:1,(anonymous_5)
FNDA:1,(anonymous_6)
FNDA:0,(anonymous_7)
FNDA:1,(anonymous_8)
FNDA:0,(anonymous_9)
FNDA:0,(anonymous_10)
FNDA:0,(anonymous_11)
FNDA:0,(anonymous_12)
FNDA:6,(anonymous_13)
FNDA:0,(anonymous_14)
FNDA:1,(anonymous_15)
FNDA:1,(anonymous_16)
FNDA:8,(anonymous_17)
FNDA:1,(anonymous_18)
FNDA:1,(anonymous_19)
FNDA:1,(anonymous_20)
FNDA:0,(anonymous_21)
FNDA:1,(anonymous_22)
FNDA:0,(anonymous_23)
FNDA:0,(anonymous_24)
FNDA:0,(anonymous_25)
FNDA:1,(anonymous_26)
FNDA:1,(anonymous_27)
FNDA:1,(anonymous_28)
FNDA:1,(anonymous_29)
FNDA:1,(anonymous_30)
FNDA:1,(anonymous_31)
FNDA:2,(anonymous_32)
FNDA:0,(anonymous_33)
FNDA:0,(anonymous_34)
FNDA:1,(anonymous_35)
FNDA:1,(anonymous_36)
FNDA:3,(anonymous_37)
FNDA:1,(anonymous_38)
FNDA:1,(anonymous_39)
FNDA:1,(anonymous_40)
FNDA:0,(anonymous_41)
FNDA:0,(anonymous_42)
FNDA:109,(anonymous_43)
FNDA:0,(anonymous_44)
FNDA:2,(anonymous_45)
FNDA:1,(anonymous_46)
FNDA:3,(anonymous_47)
FNDA:2,(anonymous_48)
FNDA:0,(anonymous_49)
FNDA:0,(anonymous_50)
FNDA:0,(anonymous_51)
FNDA:1,(anonymous_52)
FNDA:0,(anonymous_53)
FNDA:0,(anonymous_54)
FNDA:0,(anonymous_55)
FNDA:0,(anonymous_56)
FNDA:0,(anonymous_57)
FNDA:0,(anonymous_58)
FNDA:0,(anonymous_59)
FNDA:1,(anonymous_60)
FNDA:1,(anonymous_61)
FNDA:0,(anonymous_62)
FNDA:1,(anonymous_63)
FNDA:0,(anonymous_64)
FNDA:1,(anonymous_65)
FNDA:1,(anonymous_66)
FNDA:1,(anonymous_67)
FNDA:1,(anonymous_68)
FNDA:1,(anonymous_69)
FNDA:1,(anonymous_70)
FNDA:1,(anonymous_71)
FNDA:1,(anonymous_72)
FNDA:1,(anonymous_73)
FNDA:0,(anonymous_74)
FNDA:1,(anonymous_75)
FNDA:1,(anonymous_76)
FNDA:1,(anonymous_77)
FNDA:1,(anonymous_78)
FNDA:1,(anonymous_79)
FNDA:1,(anonymous_80)
FNDA:1,(anonymous_81)
FNDA:2,(anonymous_82)
FNDA:1,(anonymous_83)
DA:5,107
DA:6,107
DA:7,107
DA:9,107
DA:11,107
DA:12,107
DA:13,107
DA:14,107
DA:16,107
DA:17,107
DA:18,107
DA:19,107
DA:20,107
DA:21,107
DA:22,107
DA:23,107
DA:25,107
DA:26,107
DA:28,107
DA:29,107
DA:30,107
DA:32,107
DA:47,107
DA:48,107
DA:51,107
DA:52,107
DA:53,107
DA:54,107
DA:55,107
DA:56,107
DA:57,107
DA:58,107
DA:59,107
DA:60,107
DA:61,107
DA:64,107
DA:65,107
DA:66,107
DA:67,107
DA:68,107
DA:69,107
DA:72,107
DA:73,107
DA:74,107
DA:75,107
DA:76,107
DA:77,107
DA:79,107
DA:80,107
DA:81,107
DA:82,107
DA:83,107
DA:84,107
DA:85,107
DA:86,107
DA:87,107
DA:90,107
DA:91,107
DA:92,107
DA:93,107
DA:94,107
DA:95,107
DA:96,107
DA:97,107
DA:100,107
DA:101,107
DA:102,107
DA:103,107
DA:104,107
DA:105,107
DA:106,107
DA:107,107
DA:108,107
DA:109,107
DA:110,107
DA:112,107
DA:113,107
DA:114,107
DA:115,107
DA:116,107
DA:117,107
DA:118,107
DA:119,107
DA:120,107
DA:121,107
DA:124,107
DA:125,107
DA:126,107
DA:127,107
DA:128,107
DA:129,107
DA:130,107
DA:131,107
DA:132,107
DA:133,107
DA:134,107
DA:135,107
DA:136,107
DA:137,107
DA:138,107
DA:139,107
DA:140,107
DA:141,107
DA:142,107
DA:143,107
DA:144,107
DA:145,107
DA:146,107
DA:147,107
DA:150,107
DA:151,107
DA:152,107
DA:153,107
DA:154,107
DA:155,107
DA:156,107
DA:157,107
DA:158,107
DA:159,107
DA:160,107
DA:161,107
DA:162,107
DA:163,107
DA:164,107
DA:165,107
DA:166,107
DA:167,107
DA:168,107
DA:169,107
DA:170,107
DA:171,107
DA:172,107
DA:173,107
DA:174,107
DA:175,107
DA:176,107
DA:177,107
DA:178,107
DA:179,107
DA:180,107
DA:181,107
DA:182,107
DA:183,107
DA:184,107
DA:185,107
DA:186,107
DA:187,107
DA:188,107
DA:189,107
DA:190,107
DA:191,107
DA:192,107
DA:193,107
DA:194,107
DA:197,107
DA:198,107
DA:199,107
DA:200,107
DA:203,107
DA:204,107
DA:205,107
DA:206,107
DA:207,107
DA:208,107
DA:209,107
DA:210,107
DA:211,107
DA:212,107
DA:213,107
DA:214,107
DA:215,107
DA:216,107
DA:217,107
DA:218,107
DA:219,107
DA:220,107
DA:221,107
DA:222,107
DA:223,107
DA:224,107
DA:225,107
DA:226,107
DA:227,107
DA:230,107
DA:231,107
DA:232,107
DA:233,107
DA:236,107
DA:237,107
DA:238,107
DA:239,107
DA:242,107
DA:243,107
DA:246,107
DA:247,107
DA:248,107
DA:249,107
DA:250,107
DA:251,107
DA:252,107
DA:255,107
DA:256,107
DA:257,107
DA:258,107
DA:259,107
DA:260,107
DA:261,107
DA:262,107
DA:263,107
DA:265,107
DA:266,107
DA:267,107
DA:268,107
DA:269,107
DA:270,107
DA:271,107
DA:272,107
DA:273,107
DA:274,107
DA:275,107
DA:276,107
DA:277,107
DA:283,108
DA:284,108
DA:288,109
DA:292,1
DA:296,48
DA:300,140
DA:301,140
DA:302,140
DA:303,140
DA:304,140
DA:308,1
DA:312,1
DA:316,0
DA:320,1
DA:324,0
DA:328,0
DA:332,0
DA:336,0
DA:340,6
DA:344,0
DA:348,1
DA:352,1
DA:356,8
DA:357,8
DA:358,8
DA:359,8
DA:360,8
DA:370,1
DA:374,1
DA:378,1
DA:382,0
DA:386,1
DA:390,0
DA:394,0
DA:398,0
DA:402,1
DA:406,1
DA:410,1
DA:414,1
DA:418,1
DA:424,1
DA:428,1
DA:429,1
DA:435,1
DA:436,1
DA:437,1
DA:446,2
DA:447,2
DA:453,2
DA:454,2
DA:455,2
DA:462,0
DA:463,0
DA:469,0
DA:470,0
DA:471,0
DA:482,0
DA:483,0
DA:489,0
DA:490,0
DA:491,0
DA:502,1
DA:503,1
DA:509,1
DA:510,1
DA:511,1
DA:522,1
DA:526,3
DA:527,3
DA:528,3
DA:534,3
DA:535,2
DA:536,2
DA:537,2
DA:538,2
DA:540,1
DA:541,1
DA:542,1
DA:543,1
DA:554,1
DA:555,1
DA:556,1
DA:557,1
DA:563,1
DA:564,1
DA:565,1
DA:566,1
DA:570,1
DA:571,1
DA:572,1
DA:573,1
DA:579,1
DA:580,1
DA:581,1
DA:582,1
DA:586,1
DA:587,1
DA:588,1
DA:589,1
DA:595,1
DA:596,1
DA:597,1
DA:598,1
DA:602,0
DA:603,0
DA:604,0
DA:605,0
DA:611,0
DA:612,0
DA:613,0
DA:614,0
DA:618,0
DA:619,0
DA:620,0
DA:621,0
DA:627,0
DA:628,0
DA:629,0
DA:630,0
DA:634,109
DA:638,0
DA:639,0
DA:640,0
DA:646,0
DA:647,0
DA:651,2
DA:660,1
DA:669,3
DA:678,2
DA:687,0
DA:696,0
DA:697,0
DA:703,0
DA:704,0
DA:705,0
DA:709,0
DA:710,0
DA:716,0
DA:717,0
DA:718,0
DA:722,1
DA:731,0
DA:740,0
DA:749,0
DA:758,0
DA:767,0
DA:776,0
DA:785,0
DA:794,1
DA:803,1
DA:812,0
DA:821,1
DA:830,0
DA:839,1
DA:840,1
DA:846,1
DA:847,1
DA:848,1
DA:852,1
DA:853,1
DA:854,1
DA:855,1
DA:861,1
DA:862,1
DA:863,1
DA:864,1
DA:868,1
DA:869,1
DA:875,1
DA:876,1
DA:877,1
DA:881,1
DA:882,1
DA:888,1
DA:889,1
DA:890,1
DA:894,1
DA:895,1
DA:896,1
DA:897,1
DA:903,1
DA:904,1
DA:905,1
DA:906,1
DA:910,1
DA:911,1
DA:917,1
DA:918,1
DA:919,1
DA:923,1
DA:924,1
DA:925,1
DA:926,1
DA:932,1
DA:933,1
DA:934,1
DA:935,1
DA:939,1
DA:940,1
DA:946,1
DA:947,1
DA:948,1
DA:952,1
DA:953,1
DA:959,1
DA:960,1
DA:961,1
DA:965,0
DA:966,0
DA:972,0
DA:973,0
DA:974,0
DA:978,1
DA:979,1
DA:985,1
DA:986,1
DA:987,1
DA:991,1
DA:992,1
DA:998,1
DA:999,1
DA:1000,1
DA:1004,1
DA:1005,1
DA:1011,1
DA:1012,1
DA:1013,1
DA:1017,1
DA:1018,1
DA:1024,1
DA:1025,1
DA:1026,1
DA:1030,1
DA:1039,1
DA:1040,1
DA:1046,1
DA:1047,1
DA:1048,1
DA:1052,1
DA:1053,1
DA:1059,1
DA:1060,1
DA:1061,1
DA:1065,2
DA:1066,2
DA:1072,2
DA:1073,2
DA:1074,2
DA:1078,1
DA:1079,1
DA:1085,1
DA:1086,1
DA:1087,1
LF:475
LH:409
BRDA:534,0,0,2
BRDA:534,0,1,1
BRDA:566,1,0,0
BRDA:566,1,1,1
BRDA:582,2,0,0
BRDA:582,2,1,1
BRDA:598,3,0,0
BRDA:598,3,1,1
BRDA:614,4,0,0
BRDA:614,4,1,0
BRDA:630,5,0,0
BRDA:630,5,1,0
BRDA:705,6,0,0
BRDA:705,6,1,0
BRDA:718,7,0,0
BRDA:718,7,1,0
BRDA:848,8,0,0
BRDA:848,8,1,1
BRDA:864,9,0,0
BRDA:864,9,1,1
BRDA:877,10,0,0
BRDA:877,10,1,1
BRDA:890,11,0,0
BRDA:890,11,1,1
BRDA:906,12,0,0
BRDA:906,12,1,1
BRDA:919,13,0,0
BRDA:919,13,1,1
BRDA:935,14,0,0
BRDA:935,14,1,1
BRDA:948,15,0,0
BRDA:948,15,1,1
BRDA:961,16,0,0
BRDA:961,16,1,1
BRDA:974,17,0,0
BRDA:974,17,1,0
BRDA:987,18,0,0
BRDA:987,18,1,1
BRDA:1000,19,0,0
BRDA:1000,19,1,1
BRDA:1013,20,0,0
BRDA:1013,20,1,1
BRDA:1026,21,0,0
BRDA:1026,21,1,1
BRDA:1048,22,0,0
BRDA:1048,22,1,1
BRDA:1061,23,0,0
BRDA:1061,23,1,1
BRDA:1074,24,0,0
BRDA:1074,24,1,2
BRDA:1087,25,0,0
BRDA:1087,25,1,1
BRF:52
BRH:22
end_of_record
